# JRE version: OpenJDK Runtime Environment (8.0_222-b05) (build 1.8.0_222-b05)
# Java VM: OpenJDK 64-Bit Server VM (25.222-b05 mixed mode linux-amd64 compressed oops)
Heap:
 PSYoungGen      total 132096K, used 14355K [0x00000000d6f80000, 0x00000000e0d00000, 0x0000000100000000)
  eden space 126976K, 11% used [0x00000000d6f80000,0x00000000d7d84c98,0x00000000deb80000)
  from space 5120K, 0% used [0x00000000deb80000,0x00000000deb80000,0x00000000df080000)
  to   space 13824K, 0% used [0x00000000dff80000,0x00000000dff80000,0x00000000e0d00000)
 ParOldGen       total 90624K, used 13696K [0x0000000084e00000, 0x000000008a680000, 0x00000000d6f80000)
  object space 90624K, 15% used [0x0000000084e00000,0x0000000085b601e0,0x000000008a680000)
 Metaspace       used 35806K, capacity 36362K, committed 36520K, reserved 1081344K
  class space    used 4615K, capacity 4743K, committed 4864K, reserved 1048576K
GC Heap History (10 events):
Event: 1.074 GC heap before
{Heap before GC invocations=3 (full 0):
 PSYoungGen      total 68608K, used 14948K [0x00000000d6f80000, 0x00000000db780000, 0x0000000100000000)
  eden space 63488K, 15% used [0x00000000d6f80000,0x00000000d791d0a8,0x00000000dad80000)
  from space 5120K, 99% used [0x00000000db280000,0x00000000db77c010,0x00000000db780000)
  to   space 5120K, 0% used [0x00000000dad80000,0x00000000dad80000,0x00000000db280000)
 ParOldGen       total 84992K, used 7471K [0x0000000084e00000, 0x000000008a100000, 0x00000000d6f80000)
  object space 84992K, 8% used [0x0000000084e00000,0x000000008554bde0,0x000000008a100000)
 Metaspace       used 20770K, capacity 21170K, committed 21296K, reserved 1069056K
  class space    used 2543K, capacity 2637K, committed 2688K, reserved 1048576K
Event: 1.080 GC heap after
Heap after GC invocations=3 (full 0):
 PSYoungGen      total 68608K, used 5088K [0x00000000d6f80000, 0x00000000df580000, 0x0000000100000000)
  eden space 63488K, 0% used [0x00000000d6f80000,0x00000000d6f80000,0x00000000dad80000)
  from space 5120K, 99% used [0x00000000dad80000,0x00000000db278020,0x00000000db280000)
  to   space 5120K, 0% used [0x00000000df080000,0x00000000df080000,0x00000000df580000)
 ParOldGen       total 84992K, used 8834K [0x0000000084e00000, 0x000000008a100000, 0x00000000d6f80000)
  object space 84992K, 10% used [0x0000000084e00000,0x00000000856a08f0,0x000000008a100000)
 Metaspace       used 20770K, capacity 21170K, committed 21296K, reserved 1069056K
  class space    used 2543K, capacity 2637K, committed 2688K, reserved 1048576K
}
Event: 1.080 GC heap before
{Heap before GC invocations=4 (full 1):
 PSYoungGen      total 68608K, used 5088K [0x00000000d6f80000, 0x00000000df580000, 0x0000000100000000)
  eden space 63488K, 0% used [0x00000000d6f80000,0x00000000d6f80000,0x00000000dad80000)
  from space 5120K, 99% used [0x00000000dad80000,0x00000000db278020,0x00000000db280000)
  to   space 5120K, 0% used [0x00000000df080000,0x00000000df080000,0x00000000df580000)
 ParOldGen       total 84992K, used 8834K [0x0000000084e00000, 0x000000008a100000, 0x00000000d6f80000)
  object space 84992K, 10% used [0x0000000084e00000,0x00000000856a08f0,0x000000008a100000)
 Metaspace       used 20770K, capacity 21170K, committed 21296K, reserved 1069056K
  class space    used 2543K, capacity 2637K, committed 2688K, reserved 1048576K
Event: 1.110 GC heap after
Heap after GC invocations=4 (full 1):
 PSYoungGen      total 68608K, used 0K [0x00000000d6f80000, 0x00000000df580000, 0x0000000100000000)
  eden space 63488K, 0% used [0x00000000d6f80000,0x00000000d6f80000,0x00000000dad80000)
  from space 5120K, 0% used [0x00000000dad80000,0x00000000dad80000,0x00000000db280000)
  to   space 5120K, 0% used [0x00000000df080000,0x00000000df080000,0x00000000df580000)
 ParOldGen       total 59904K, used 6919K [0x0000000084e00000, 0x0000000088880000, 0x00000000d6f80000)
  object space 59904K, 11% used [0x0000000084e00000,0x00000000854c1c28,0x0000000088880000)
 Metaspace       used 20770K, capacity 21170K, committed 21296K, reserved 1069056K
  class space    used 2543K, capacity 2637K, committed 2688K, reserved 1048576K
}
Event: 7.541 GC heap before
{Heap before GC invocations=5 (full 1):
 PSYoungGen      total 68608K, used 63488K [0x00000000d6f80000, 0x00000000df580000, 0x0000000100000000)
  eden space 63488K, 100% used [0x00000000d6f80000,0x00000000dad80000,0x00000000dad80000)
  from space 5120K, 0% used [0x00000000dad80000,0x00000000dad80000,0x00000000db280000)
  to   space 5120K, 0% used [0x00000000df080000,0x00000000df080000,0x00000000df580000)
 ParOldGen       total 59904K, used 6919K [0x0000000084e00000, 0x0000000088880000, 0x00000000d6f80000)
  object space 59904K, 11% used [0x0000000084e00000,0x00000000854c1c28,0x0000000088880000)
 Metaspace       used 31618K, capacity 32178K, committed 32384K, reserved 1077248K
  class space    used 4070K, capacity 4223K, committed 4224K, reserved 1048576K
Event: 7.553 GC heap after
Heap after GC invocations=5 (full 1):
 PSYoungGen      total 96256K, used 5095K [0x00000000d6f80000, 0x00000000df580000, 0x0000000100000000)
  eden space 91136K, 0% used [0x00000000d6f80000,0x00000000d6f80000,0x00000000dc880000)
  from space 5120K, 99% used [0x00000000df080000,0x00000000df579fa0,0x00000000df580000)
  to   space 5120K, 0% used [0x00000000deb80000,0x00000000deb80000,0x00000000df080000)
 ParOldGen       total 59904K, used 15410K [0x0000000084e00000, 0x0000000088880000, 0x00000000d6f80000)
  object space 59904K, 25% used [0x0000000084e00000,0x0000000085d0cb78,0x0000000088880000)
 Metaspace       used 31618K, capacity 32178K, committed 32384K, reserved 1077248K
  class space    used 4070K, capacity 4223K, committed 4224K, reserved 1048576K
}
Event: 7.810 GC heap before
{Heap before GC invocations=6 (full 1):
 PSYoungGen      total 96256K, used 20510K [0x00000000d6f80000, 0x00000000df580000, 0x0000000100000000)
  eden space 91136K, 16% used [0x00000000d6f80000,0x00000000d7e8d908,0x00000000dc880000)
  from space 5120K, 99% used [0x00000000df080000,0x00000000df579fa0,0x00000000df580000)
  to   space 5120K, 0% used [0x00000000deb80000,0x00000000deb80000,0x00000000df080000)
 ParOldGen       total 59904K, used 15410K [0x0000000084e00000, 0x0000000088880000, 0x00000000d6f80000)
  object space 59904K, 25% used [0x0000000084e00000,0x0000000085d0cb78,0x0000000088880000)
 Metaspace       used 34888K, capacity 35384K, committed 35496K, reserved 1081344K
  class space    used 4487K, capacity 4608K, committed 4608K, reserved 1048576K
Event: 7.819 GC heap after
Heap after GC invocations=6 (full 1):
 PSYoungGen      total 132096K, used 5111K [0x00000000d6f80000, 0x00000000e0d00000, 0x0000000100000000)
  eden space 126976K, 0% used [0x00000000d6f80000,0x00000000d6f80000,0x00000000deb80000)
  from space 5120K, 99% used [0x00000000deb80000,0x00000000df07dfc0,0x00000000df080000)
  to   space 13824K, 0% used [0x00000000dff80000,0x00000000dff80000,0x00000000e0d00000)
 ParOldGen       total 59904K, used 18721K [0x0000000084e00000, 0x0000000088880000, 0x00000000d6f80000)
  object space 59904K, 31% used [0x0000000084e00000,0x0000000086048470,0x0000000088880000)
 Metaspace       used 34888K, capacity 35384K, committed 35496K, reserved 1081344K
  class space    used 4487K, capacity 4608K, committed 4608K, reserved 1048576K
}
Event: 7.819 GC heap before
{Heap before GC invocations=7 (full 2):
 PSYoungGen      total 132096K, used 5111K [0x00000000d6f80000, 0x00000000e0d00000, 0x0000000100000000)
  eden space 126976K, 0% used [0x00000000d6f80000,0x00000000d6f80000,0x00000000deb80000)
  from space 5120K, 99% used [0x00000000deb80000,0x00000000df07dfc0,0x00000000df080000)
  to   space 13824K, 0% used [0x00000000dff80000,0x00000000dff80000,0x00000000e0d00000)
 ParOldGen       total 59904K, used 18721K [0x0000000084e00000, 0x0000000088880000, 0x00000000d6f80000)
  object space 59904K, 31% used [0x0000000084e00000,0x0000000086048470,0x0000000088880000)
 Metaspace       used 34888K, capacity 35384K, committed 35496K, reserved 1081344K
  class space    used 4487K, capacity 4608K, committed 4608K, reserved 1048576K
Event: 7.865 GC heap after
Heap after GC invocations=7 (full 2):
 PSYoungGen      total 132096K, used 0K [0x00000000d6f80000, 0x00000000e0d00000, 0x0000000100000000)
  eden space 126976K, 0% used [0x00000000d6f80000,0x00000000d6f80000,0x00000000deb80000)
  from space 5120K, 0% used [0x00000000deb80000,0x00000000deb80000,0x00000000df080000)
  to   space 13824K, 0% used [0x00000000dff80000,0x00000000dff80000,0x00000000e0d00000)
 ParOldGen       total 90624K, used 13696K [0x0000000084e00000, 0x000000008a680000, 0x00000000d6f80000)
  object space 90624K, 15% used [0x0000000084e00000,0x0000000085b601e0,0x000000008a680000)
 Metaspace       used 34888K, capacity 35384K, committed 35496K, reserved 1081344K
  class space    used 4487K, capacity 4608K, committed 4608K, reserved 1048576K
}

