# JRE version: OpenJDK Runtime Environment (8.0_222-b05) (build 1.8.0_222-b05)
# Java VM: OpenJDK 64-Bit Server VM (25.222-b05 mixed mode linux-amd64 compressed oops)
Heap:
 PSYoungGen      total 68608K, used 60276K [0x00000000d6f80000, 0x00000000df580000, 0x0000000100000000)
  eden space 63488K, 94% used [0x00000000d6f80000,0x00000000daa5d1c0,0x00000000dad80000)
  from space 5120K, 0% used [0x00000000dad80000,0x00000000dad80000,0x00000000db280000)
  to   space 5120K, 0% used [0x00000000df080000,0x00000000df080000,0x00000000df580000)
 ParOldGen       total 61440K, used 8199K [0x0000000084e00000, 0x0000000088a00000, 0x00000000d6f80000)
  object space 61440K, 13% used [0x0000000084e00000,0x0000000085601c48,0x0000000088a00000)
 Metaspace       used 27091K, capacity 27412K, committed 27648K, reserved 1073152K
  class space    used 3451K, capacity 3554K, committed 3584K, reserved 1048576K
GC Heap History (8 events):
Event: 0.754 GC heap before
{Heap before GC invocations=1 (full 0):
 PSYoungGen      total 36864K, used 31744K [0x00000000d6f80000, 0x00000000d9880000, 0x0000000100000000)
  eden space 31744K, 100% used [0x00000000d6f80000,0x00000000d8e80000,0x00000000d8e80000)
  from space 5120K, 0% used [0x00000000d9380000,0x00000000d9380000,0x00000000d9880000)
  to   space 5120K, 0% used [0x00000000d8e80000,0x00000000d8e80000,0x00000000d9380000)
 ParOldGen       total 84992K, used 0K [0x0000000084e00000, 0x000000008a100000, 0x00000000d6f80000)
  object space 84992K, 0% used [0x0000000084e00000,0x0000000084e00000,0x000000008a100000)
 Metaspace       used 14167K, capacity 14368K, committed 14592K, reserved 1062912K
  class space    used 1714K, capacity 1792K, committed 1792K, reserved 1048576K
Event: 0.763 GC heap after
Heap after GC invocations=1 (full 0):
 PSYoungGen      total 36864K, used 5113K [0x00000000d6f80000, 0x00000000db780000, 0x0000000100000000)
  eden space 31744K, 0% used [0x00000000d6f80000,0x00000000d6f80000,0x00000000d8e80000)
  from space 5120K, 99% used [0x00000000d8e80000,0x00000000d937e638,0x00000000d9380000)
  to   space 5120K, 0% used [0x00000000db280000,0x00000000db280000,0x00000000db780000)
 ParOldGen       total 84992K, used 3446K [0x0000000084e00000, 0x000000008a100000, 0x00000000d6f80000)
  object space 84992K, 4% used [0x0000000084e00000,0x000000008515d9f0,0x000000008a100000)
 Metaspace       used 14167K, capacity 14368K, committed 14592K, reserved 1062912K
  class space    used 1714K, capacity 1792K, committed 1792K, reserved 1048576K
}
Event: 1.357 GC heap before
{Heap before GC invocations=2 (full 0):
 PSYoungGen      total 36864K, used 36857K [0x00000000d6f80000, 0x00000000db780000, 0x0000000100000000)
  eden space 31744K, 100% used [0x00000000d6f80000,0x00000000d8e80000,0x00000000d8e80000)
  from space 5120K, 99% used [0x00000000d8e80000,0x00000000d937e638,0x00000000d9380000)
  to   space 5120K, 0% used [0x00000000db280000,0x00000000db280000,0x00000000db780000)
 ParOldGen       total 84992K, used 3446K [0x0000000084e00000, 0x000000008a100000, 0x00000000d6f80000)
  object space 84992K, 4% used [0x0000000084e00000,0x000000008515d9f0,0x000000008a100000)
 Metaspace       used 18662K, capacity 18874K, committed 19072K, reserved 1067008K
  class space    used 2273K, capacity 2357K, committed 2432K, reserved 1048576K
Event: 1.370 GC heap after
Heap after GC invocations=2 (full 0):
 PSYoungGen      total 68608K, used 5088K [0x00000000d6f80000, 0x00000000db780000, 0x0000000100000000)
  eden space 63488K, 0% used [0x00000000d6f80000,0x00000000d6f80000,0x00000000dad80000)
  from space 5120K, 99% used [0x00000000db280000,0x00000000db778020,0x00000000db780000)
  to   space 5120K, 0% used [0x00000000dad80000,0x00000000dad80000,0x00000000db280000)
 ParOldGen       total 84992K, used 6820K [0x0000000084e00000, 0x000000008a100000, 0x00000000d6f80000)
  object space 84992K, 8% used [0x0000000084e00000,0x00000000854a9318,0x000000008a100000)
 Metaspace       used 18662K, capacity 18874K, committed 19072K, reserved 1067008K
  class space    used 2273K, capacity 2357K, committed 2432K, reserved 1048576K
}
Event: 1.559 GC heap before
{Heap before GC invocations=3 (full 0):
 PSYoungGen      total 68608K, used 16459K [0x00000000d6f80000, 0x00000000db780000, 0x0000000100000000)
  eden space 63488K, 17% used [0x00000000d6f80000,0x00000000d7a9afc0,0x00000000dad80000)
  from space 5120K, 99% used [0x00000000db280000,0x00000000db778020,0x00000000db780000)
  to   space 5120K, 0% used [0x00000000dad80000,0x00000000dad80000,0x00000000db280000)
 ParOldGen       total 84992K, used 6820K [0x0000000084e00000, 0x000000008a100000, 0x00000000d6f80000)
  object space 84992K, 8% used [0x0000000084e00000,0x00000000854a9318,0x000000008a100000)
 Metaspace       used 20933K, capacity 21184K, committed 21296K, reserved 1069056K
  class space    used 2591K, capacity 2680K, committed 2688K, reserved 1048576K
Event: 1.568 GC heap after
Heap after GC invocations=3 (full 0):
 PSYoungGen      total 68608K, used 5104K [0x00000000d6f80000, 0x00000000df580000, 0x0000000100000000)
  eden space 63488K, 0% used [0x00000000d6f80000,0x00000000d6f80000,0x00000000dad80000)
  from space 5120K, 99% used [0x00000000dad80000,0x00000000db27c010,0x00000000db280000)
  to   space 5120K, 0% used [0x00000000df080000,0x00000000df080000,0x00000000df580000)
 ParOldGen       total 84992K, used 9743K [0x0000000084e00000, 0x000000008a100000, 0x00000000d6f80000)
  object space 84992K, 11% used [0x0000000084e00000,0x0000000085783e50,0x000000008a100000)
 Metaspace       used 20933K, capacity 21184K, committed 21296K, reserved 1069056K
  class space    used 2591K, capacity 2680K, committed 2688K, reserved 1048576K
}
Event: 1.568 GC heap before
{Heap before GC invocations=4 (full 1):
 PSYoungGen      total 68608K, used 5104K [0x00000000d6f80000, 0x00000000df580000, 0x0000000100000000)
  eden space 63488K, 0% used [0x00000000d6f80000,0x00000000d6f80000,0x00000000dad80000)
  from space 5120K, 99% used [0x00000000dad80000,0x00000000db27c010,0x00000000db280000)
  to   space 5120K, 0% used [0x00000000df080000,0x00000000df080000,0x00000000df580000)
 ParOldGen       total 84992K, used 9743K [0x0000000084e00000, 0x000000008a100000, 0x00000000d6f80000)
  object space 84992K, 11% used [0x0000000084e00000,0x0000000085783e50,0x000000008a100000)
 Metaspace       used 20933K, capacity 21184K, committed 21296K, reserved 1069056K
  class space    used 2591K, capacity 2680K, committed 2688K, reserved 1048576K
Event: 1.618 GC heap after
Heap after GC invocations=4 (full 1):
 PSYoungGen      total 68608K, used 0K [0x00000000d6f80000, 0x00000000df580000, 0x0000000100000000)
  eden space 63488K, 0% used [0x00000000d6f80000,0x00000000d6f80000,0x00000000dad80000)
  from space 5120K, 0% used [0x00000000dad80000,0x00000000dad80000,0x00000000db280000)
  to   space 5120K, 0% used [0x00000000df080000,0x00000000df080000,0x00000000df580000)
 ParOldGen       total 61440K, used 8199K [0x0000000084e00000, 0x0000000088a00000, 0x00000000d6f80000)
  object space 61440K, 13% used [0x0000000084e00000,0x0000000085601c48,0x0000000088a00000)
 Metaspace       used 20933K, capacity 21184K, committed 21296K, reserved 1069056K
  class space    used 2591K, capacity 2680K, committed 2688K, reserved 1048576K
}

