# JRE version: OpenJDK Runtime Environment (8.0_222-b05) (build 1.8.0_222-b05)
# Java VM: OpenJDK 64-Bit Server VM (25.222-b05 mixed mode linux-amd64 compressed oops)
Heap:
 PSYoungGen      total 53248K, used 29705K [0x00000000d6f80000, 0x00000000db780000, 0x0000000100000000)
  eden space 48128K, 51% used [0x00000000d6f80000,0x00000000d8786e40,0x00000000d9e80000)
  from space 5120K, 99% used [0x00000000db280000,0x00000000db77b728,0x00000000db780000)
  to   space 5120K, 0% used [0x00000000dad80000,0x00000000dad80000,0x00000000db280000)
 ParOldGen       total 58880K, used 9147K [0x0000000084e00000, 0x0000000088780000, 0x00000000d6f80000)
  object space 58880K, 15% used [0x0000000084e00000,0x00000000856eed80,0x0000000088780000)
 Metaspace       used 27043K, capacity 27348K, committed 27648K, reserved 1073152K
  class space    used 3446K, capacity 3554K, committed 3584K, reserved 1048576K
GC Heap History (10 events):
Event: 0.851 GC heap before
{Heap before GC invocations=1 (full 0):
 PSYoungGen      total 36864K, used 31744K [0x00000000d6f80000, 0x00000000d9880000, 0x0000000100000000)
  eden space 31744K, 100% used [0x00000000d6f80000,0x00000000d8e80000,0x00000000d8e80000)
  from space 5120K, 0% used [0x00000000d9380000,0x00000000d9380000,0x00000000d9880000)
  to   space 5120K, 0% used [0x00000000d8e80000,0x00000000d8e80000,0x00000000d9380000)
 ParOldGen       total 84992K, used 0K [0x0000000084e00000, 0x000000008a100000, 0x00000000d6f80000)
  object space 84992K, 0% used [0x0000000084e00000,0x0000000084e00000,0x000000008a100000)
 Metaspace       used 14182K, capacity 14368K, committed 14592K, reserved 1062912K
  class space    used 1716K, capacity 1792K, committed 1792K, reserved 1048576K
Event: 0.859 GC heap after
Heap after GC invocations=1 (full 0):
 PSYoungGen      total 36864K, used 5119K [0x00000000d6f80000, 0x00000000d9880000, 0x0000000100000000)
  eden space 31744K, 0% used [0x00000000d6f80000,0x00000000d6f80000,0x00000000d8e80000)
  from space 5120K, 99% used [0x00000000d8e80000,0x00000000d937fef0,0x00000000d9380000)
  to   space 5120K, 0% used [0x00000000d9380000,0x00000000d9380000,0x00000000d9880000)
 ParOldGen       total 84992K, used 3421K [0x0000000084e00000, 0x000000008a100000, 0x00000000d6f80000)
  object space 84992K, 4% used [0x0000000084e00000,0x0000000085157578,0x000000008a100000)
 Metaspace       used 14182K, capacity 14368K, committed 14592K, reserved 1062912K
  class space    used 1716K, capacity 1792K, committed 1792K, reserved 1048576K
}
Event: 1.416 GC heap before
{Heap before GC invocations=2 (full 0):
 PSYoungGen      total 36864K, used 36863K [0x00000000d6f80000, 0x00000000d9880000, 0x0000000100000000)
  eden space 31744K, 100% used [0x00000000d6f80000,0x00000000d8e80000,0x00000000d8e80000)
  from space 5120K, 99% used [0x00000000d8e80000,0x00000000d937fef0,0x00000000d9380000)
  to   space 5120K, 0% used [0x00000000d9380000,0x00000000d9380000,0x00000000d9880000)
 ParOldGen       total 84992K, used 3421K [0x0000000084e00000, 0x000000008a100000, 0x00000000d6f80000)
  object space 84992K, 4% used [0x0000000084e00000,0x0000000085157578,0x000000008a100000)
 Metaspace       used 18634K, capacity 18874K, committed 19072K, reserved 1067008K
  class space    used 2274K, capacity 2357K, committed 2432K, reserved 1048576K
Event: 1.426 GC heap after
Heap after GC invocations=2 (full 0):
 PSYoungGen      total 36864K, used 5104K [0x00000000d6f80000, 0x00000000db780000, 0x0000000100000000)
  eden space 31744K, 0% used [0x00000000d6f80000,0x00000000d6f80000,0x00000000d8e80000)
  from space 5120K, 99% used [0x00000000d9380000,0x00000000d987c030,0x00000000d9880000)
  to   space 5120K, 0% used [0x00000000d8e80000,0x00000000d8e80000,0x00000000d9380000)
 ParOldGen       total 84992K, used 6823K [0x0000000084e00000, 0x000000008a100000, 0x00000000d6f80000)
  object space 84992K, 8% used [0x0000000084e00000,0x00000000854a9f90,0x000000008a100000)
 Metaspace       used 18634K, capacity 18874K, committed 19072K, reserved 1067008K
  class space    used 2274K, capacity 2357K, committed 2432K, reserved 1048576K
}
Event: 1.577 GC heap before
{Heap before GC invocations=3 (full 0):
 PSYoungGen      total 36864K, used 15251K [0x00000000d6f80000, 0x00000000db780000, 0x0000000100000000)
  eden space 31744K, 31% used [0x00000000d6f80000,0x00000000d7968db0,0x00000000d8e80000)
  from space 5120K, 99% used [0x00000000d9380000,0x00000000d987c030,0x00000000d9880000)
  to   space 5120K, 0% used [0x00000000d8e80000,0x00000000d8e80000,0x00000000d9380000)
 ParOldGen       total 84992K, used 6823K [0x0000000084e00000, 0x000000008a100000, 0x00000000d6f80000)
  object space 84992K, 8% used [0x0000000084e00000,0x00000000854a9f90,0x000000008a100000)
 Metaspace       used 20974K, capacity 21184K, committed 21296K, reserved 1069056K
  class space    used 2607K, capacity 2680K, committed 2688K, reserved 1048576K
Event: 1.589 GC heap after
Heap after GC invocations=3 (full 0):
 PSYoungGen      total 36864K, used 5101K [0x00000000d6f80000, 0x00000000db780000, 0x0000000100000000)
  eden space 31744K, 0% used [0x00000000d6f80000,0x00000000d6f80000,0x00000000d8e80000)
  from space 5120K, 99% used [0x00000000d8e80000,0x00000000d937b638,0x00000000d9380000)
  to   space 5120K, 0% used [0x00000000db280000,0x00000000db280000,0x00000000db780000)
 ParOldGen       total 84992K, used 9968K [0x0000000084e00000, 0x000000008a100000, 0x00000000d6f80000)
  object space 84992K, 11% used [0x0000000084e00000,0x00000000857bc2a8,0x000000008a100000)
 Metaspace       used 20974K, capacity 21184K, committed 21296K, reserved 1069056K
  class space    used 2607K, capacity 2680K, committed 2688K, reserved 1048576K
}
Event: 1.589 GC heap before
{Heap before GC invocations=4 (full 1):
 PSYoungGen      total 36864K, used 5101K [0x00000000d6f80000, 0x00000000db780000, 0x0000000100000000)
  eden space 31744K, 0% used [0x00000000d6f80000,0x00000000d6f80000,0x00000000d8e80000)
  from space 5120K, 99% used [0x00000000d8e80000,0x00000000d937b638,0x00000000d9380000)
  to   space 5120K, 0% used [0x00000000db280000,0x00000000db280000,0x00000000db780000)
 ParOldGen       total 84992K, used 9968K [0x0000000084e00000, 0x000000008a100000, 0x00000000d6f80000)
  object space 84992K, 11% used [0x0000000084e00000,0x00000000857bc2a8,0x000000008a100000)
 Metaspace       used 20974K, capacity 21184K, committed 21296K, reserved 1069056K
  class space    used 2607K, capacity 2680K, committed 2688K, reserved 1048576K
Event: 1.633 GC heap after
Heap after GC invocations=4 (full 1):
 PSYoungGen      total 36864K, used 0K [0x00000000d6f80000, 0x00000000db780000, 0x0000000100000000)
  eden space 31744K, 0% used [0x00000000d6f80000,0x00000000d6f80000,0x00000000d8e80000)
  from space 5120K, 0% used [0x00000000d8e80000,0x00000000d8e80000,0x00000000d9380000)
  to   space 5120K, 0% used [0x00000000db280000,0x00000000db280000,0x00000000db780000)
 ParOldGen       total 58880K, used 8417K [0x0000000084e00000, 0x0000000088780000, 0x00000000d6f80000)
  object space 58880K, 14% used [0x0000000084e00000,0x0000000085638510,0x0000000088780000)
 Metaspace       used 20974K, capacity 21184K, committed 21296K, reserved 1069056K
  class space    used 2607K, capacity 2680K, committed 2688K, reserved 1048576K
}
Event: 2.068 GC heap before
{Heap before GC invocations=5 (full 1):
 PSYoungGen      total 36864K, used 31744K [0x00000000d6f80000, 0x00000000db780000, 0x0000000100000000)
  eden space 31744K, 100% used [0x00000000d6f80000,0x00000000d8e80000,0x00000000d8e80000)
  from space 5120K, 0% used [0x00000000d8e80000,0x00000000d8e80000,0x00000000d9380000)
  to   space 5120K, 0% used [0x00000000db280000,0x00000000db280000,0x00000000db780000)
 ParOldGen       total 58880K, used 8417K [0x0000000084e00000, 0x0000000088780000, 0x00000000d6f80000)
  object space 58880K, 14% used [0x0000000084e00000,0x0000000085638510,0x0000000088780000)
 Metaspace       used 25054K, capacity 25360K, committed 25600K, reserved 1071104K
  class space    used 3197K, capacity 3296K, committed 3328K, reserved 1048576K
Event: 2.075 GC heap after
Heap after GC invocations=5 (full 1):
 PSYoungGen      total 53248K, used 5101K [0x00000000d6f80000, 0x00000000db780000, 0x0000000100000000)
  eden space 48128K, 0% used [0x00000000d6f80000,0x00000000d6f80000,0x00000000d9e80000)
  from space 5120K, 99% used [0x00000000db280000,0x00000000db77b728,0x00000000db780000)
  to   space 5120K, 0% used [0x00000000dad80000,0x00000000dad80000,0x00000000db280000)
 ParOldGen       total 58880K, used 9147K [0x0000000084e00000, 0x0000000088780000, 0x00000000d6f80000)
  object space 58880K, 15% used [0x0000000084e00000,0x00000000856eed80,0x0000000088780000)
 Metaspace       used 25054K, capacity 25360K, committed 25600K, reserved 1071104K
  class space    used 3197K, capacity 3296K, committed 3328K, reserved 1048576K
}

